  Application.cpp
  ModuleFont.cpp
  ModuleSceneIntro.cpp
C:\Users\espag\OneDrive\Documentos\GitHub\Pinball_Project\Pinball\ModuleSceneIntro.cpp(736,77): warning C4244: 'argument': conversion from 'int' to 'float32', possible loss of data
C:\Users\espag\OneDrive\Documentos\GitHub\Pinball_Project\Pinball\ModuleSceneIntro.cpp(850,49): warning C4244: 'argument': conversion from 'TYPE' to 'TYPE', possible loss of data
          with
          [
              TYPE=int
          ]
          and
          [
              TYPE=float
          ]
C:\Users\espag\OneDrive\Documentos\GitHub\Pinball_Project\Pinball\ModuleSceneIntro.cpp(850,32): warning C4244: 'argument': conversion from 'TYPE' to 'TYPE', possible loss of data
          with
          [
              TYPE=int
          ]
          and
          [
              TYPE=float
          ]
C:\Users\espag\OneDrive\Documentos\GitHub\Pinball_Project\Pinball\ModuleSceneIntro.cpp(852,19): warning C4244: 'argument': conversion from 'int' to 'float', possible loss of data
C:\Users\espag\OneDrive\Documentos\GitHub\Pinball_Project\Pinball\ModuleSceneIntro.cpp(854,71): warning C4244: 'argument': conversion from 'TYPE' to 'int', possible loss of data
          with
          [
              TYPE=float
          ]
C:\Users\espag\OneDrive\Documentos\GitHub\Pinball_Project\Pinball\ModuleSceneIntro.cpp(854,48): warning C4244: 'argument': conversion from 'TYPE' to 'int', possible loss of data
          with
          [
              TYPE=float
          ]
C:\Users\espag\OneDrive\Documentos\GitHub\Pinball_Project\Pinball\ModuleSceneIntro.cpp(857,139): warning C4244: 'argument': conversion from 'TYPE' to 'int', possible loss of data
          with
          [
              TYPE=float
          ]
C:\Users\espag\OneDrive\Documentos\GitHub\Pinball_Project\Pinball\ModuleSceneIntro.cpp(857,97): warning C4244: 'argument': conversion from 'TYPE' to 'int', possible loss of data
          with
          [
              TYPE=float
          ]
C:\Users\espag\OneDrive\Documentos\GitHub\Pinball_Project\Pinball\ModuleSceneIntro.cpp(857,58): warning C4244: 'argument': conversion from 'TYPE' to 'int', possible loss of data
          with
          [
              TYPE=float
          ]
C:\Users\espag\OneDrive\Documentos\GitHub\Pinball_Project\Pinball\ModuleSceneIntro.cpp(857,35): warning C4244: 'argument': conversion from 'TYPE' to 'int', possible loss of data
          with
          [
              TYPE=float
          ]
  Generating Code...
  SDL Game.vcxproj -> C:\Users\espag\OneDrive\Documentos\GitHub\Pinball_Project\Pinball\Debug\2D Physics - class 4.exe
